# JRE version: OpenJDK Runtime Environment (8.0_112-b06) (build 1.8.0_112-release-b06)
# Java VM: OpenJDK 64-Bit Server VM (25.112-b06 mixed mode windows-amd64 compressed oops)
Heap:
 PSYoungGen      total 313856K, used 76671K [0x00000000e0000000, 0x00000000f9880000, 0x0000000100000000)
  eden space 273408K, 19% used [0x00000000e0000000,0x00000000e355ac88,0x00000000f0b00000)
  from space 40448K, 54% used [0x00000000f0b00000,0x00000000f20850e0,0x00000000f3280000)
  to   space 39424K, 0% used [0x00000000f7200000,0x00000000f7200000,0x00000000f9880000)
 ParOldGen       total 146944K, used 52645K [0x00000000a0000000, 0x00000000a8f80000, 0x00000000e0000000)
  object space 146944K, 35% used [0x00000000a0000000,0x00000000a33694e0,0x00000000a8f80000)
 Metaspace       used 76663K, capacity 80478K, committed 80768K, reserved 1120256K
  class space    used 9877K, capacity 10540K, committed 10624K, reserved 1048576K
GC Heap History (10 events):
Event: 221.141 GC heap before
{Heap before GC invocations=22 (full 3):
 PSYoungGen      total 195072K, used 181213K [0x00000000e0000000, 0x00000000efb00000, 0x0000000100000000)
  eden space 164864K, 100% used [0x00000000e0000000,0x00000000ea100000,0x00000000ea100000)
  from space 30208K, 54% used [0x00000000ebe00000,0x00000000ecdf74c8,0x00000000edb80000)
  to   space 29696K, 0% used [0x00000000ea100000,0x00000000ea100000,0x00000000ebe00000)
 ParOldGen       total 146944K, used 31740K [0x00000000a0000000, 0x00000000a8f80000, 0x00000000e0000000)
  object space 146944K, 21% used [0x00000000a0000000,0x00000000a1eff280,0x00000000a8f80000)
 Metaspace       used 66352K, capacity 68502K, committed 68608K, reserved 1110016K
  class space    used 8467K, capacity 8875K, committed 8960K, reserved 1048576K
Event: 221.179 GC heap after
Heap after GC invocations=22 (full 3):
 PSYoungGen      total 194560K, used 23754K [0x00000000e0000000, 0x00000000f1400000, 0x0000000100000000)
  eden space 164864K, 0% used [0x00000000e0000000,0x00000000e0000000,0x00000000ea100000)
  from space 29696K, 79% used [0x00000000ea100000,0x00000000eb8328a8,0x00000000ebe00000)
  to   space 31744K, 0% used [0x00000000ef500000,0x00000000ef500000,0x00000000f1400000)
 ParOldGen       total 146944K, used 31748K [0x00000000a0000000, 0x00000000a8f80000, 0x00000000e0000000)
  object space 146944K, 21% used [0x00000000a0000000,0x00000000a1f01280,0x00000000a8f80000)
 Metaspace       used 66352K, capacity 68502K, committed 68608K, reserved 1110016K
  class space    used 8467K, capacity 8875K, committed 8960K, reserved 1048576K
}
Event: 224.847 GC heap before
{Heap before GC invocations=23 (full 3):
 PSYoungGen      total 194560K, used 187722K [0x00000000e0000000, 0x00000000f1400000, 0x0000000100000000)
  eden space 164864K, 99% used [0x00000000e0000000,0x00000000ea0202d8,0x00000000ea100000)
  from space 29696K, 79% used [0x00000000ea100000,0x00000000eb8328a8,0x00000000ebe00000)
  to   space 31744K, 0% used [0x00000000ef500000,0x00000000ef500000,0x00000000f1400000)
 ParOldGen       total 146944K, used 31748K [0x00000000a0000000, 0x00000000a8f80000, 0x00000000e0000000)
  object space 146944K, 21% used [0x00000000a0000000,0x00000000a1f01280,0x00000000a8f80000)
 Metaspace       used 66603K, capacity 68876K, committed 69120K, reserved 1110016K
  class space    used 8471K, capacity 8882K, committed 8960K, reserved 1048576K
Event: 224.882 GC heap after
Heap after GC invocations=23 (full 3):
 PSYoungGen      total 248320K, used 25974K [0x00000000e0000000, 0x00000000f1580000, 0x0000000100000000)
  eden space 216576K, 0% used [0x00000000e0000000,0x00000000e0000000,0x00000000ed380000)
  from space 31744K, 81% used [0x00000000ef500000,0x00000000f0e5d8f8,0x00000000f1400000)
  to   space 33792K, 0% used [0x00000000ed380000,0x00000000ed380000,0x00000000ef480000)
 ParOldGen       total 146944K, used 31756K [0x00000000a0000000, 0x00000000a8f80000, 0x00000000e0000000)
  object space 146944K, 21% used [0x00000000a0000000,0x00000000a1f03280,0x00000000a8f80000)
 Metaspace       used 66603K, capacity 68876K, committed 69120K, reserved 1110016K
  class space    used 8471K, capacity 8882K, committed 8960K, reserved 1048576K
}
Event: 1109.788 GC heap before
{Heap before GC invocations=24 (full 3):
 PSYoungGen      total 248320K, used 242550K [0x00000000e0000000, 0x00000000f1580000, 0x0000000100000000)
  eden space 216576K, 100% used [0x00000000e0000000,0x00000000ed380000,0x00000000ed380000)
  from space 31744K, 81% used [0x00000000ef500000,0x00000000f0e5d8f8,0x00000000f1400000)
  to   space 33792K, 0% used [0x00000000ed380000,0x00000000ed380000,0x00000000ef480000)
 ParOldGen       total 146944K, used 31756K [0x00000000a0000000, 0x00000000a8f80000, 0x00000000e0000000)
  object space 146944K, 21% used [0x00000000a0000000,0x00000000a1f03280,0x00000000a8f80000)
 Metaspace       used 67434K, capacity 69930K, committed 70016K, reserved 1110016K
  class space    used 8607K, capacity 9050K, committed 9088K, reserved 1048576K
Event: 1109.833 GC heap after
Heap after GC invocations=24 (full 3):
 PSYoungGen      total 250368K, used 19985K [0x00000000e0000000, 0x00000000f5380000, 0x0000000100000000)
  eden space 216576K, 0% used [0x00000000e0000000,0x00000000e0000000,0x00000000ed380000)
  from space 33792K, 59% used [0x00000000ed380000,0x00000000ee704620,0x00000000ef480000)
  to   space 33792K, 0% used [0x00000000f3280000,0x00000000f3280000,0x00000000f5380000)
 ParOldGen       total 146944K, used 31764K [0x00000000a0000000, 0x00000000a8f80000, 0x00000000e0000000)
  object space 146944K, 21% used [0x00000000a0000000,0x00000000a1f05280,0x00000000a8f80000)
 Metaspace       used 67434K, capacity 69930K, committed 70016K, reserved 1110016K
  class space    used 8607K, capacity 9050K, committed 9088K, reserved 1048576K
}
Event: 1158.888 GC heap before
{Heap before GC invocations=25 (full 3):
 PSYoungGen      total 250368K, used 236561K [0x00000000e0000000, 0x00000000f5380000, 0x0000000100000000)
  eden space 216576K, 100% used [0x00000000e0000000,0x00000000ed380000,0x00000000ed380000)
  from space 33792K, 59% used [0x00000000ed380000,0x00000000ee704620,0x00000000ef480000)
  to   space 33792K, 0% used [0x00000000f3280000,0x00000000f3280000,0x00000000f5380000)
 ParOldGen       total 146944K, used 31764K [0x00000000a0000000, 0x00000000a8f80000, 0x00000000e0000000)
  object space 146944K, 21% used [0x00000000a0000000,0x00000000a1f05280,0x00000000a8f80000)
 Metaspace       used 75112K, capacity 78428K, committed 78464K, reserved 1118208K
  class space    used 9734K, capacity 10345K, committed 10368K, reserved 1048576K
Event: 1158.963 GC heap after
Heap after GC invocations=25 (full 3):
 PSYoungGen      total 307200K, used 33766K [0x00000000e0000000, 0x00000000f5b80000, 0x0000000100000000)
  eden space 273408K, 0% used [0x00000000e0000000,0x00000000e0000000,0x00000000f0b00000)
  from space 33792K, 99% used [0x00000000f3280000,0x00000000f53799a8,0x00000000f5380000)
  to   space 40448K, 0% used [0x00000000f0b00000,0x00000000f0b00000,0x00000000f3280000)
 ParOldGen       total 146944K, used 37341K [0x00000000a0000000, 0x00000000a8f80000, 0x00000000e0000000)
  object space 146944K, 25% used [0x00000000a0000000,0x00000000a2477678,0x00000000a8f80000)
 Metaspace       used 75112K, capacity 78428K, committed 78464K, reserved 1118208K
  class space    used 9734K, capacity 10345K, committed 10368K, reserved 1048576K
}
Event: 1302.517 GC heap before
{Heap before GC invocations=26 (full 3):
 PSYoungGen      total 307200K, used 307174K [0x00000000e0000000, 0x00000000f5b80000, 0x0000000100000000)
  eden space 273408K, 100% used [0x00000000e0000000,0x00000000f0b00000,0x00000000f0b00000)
  from space 33792K, 99% used [0x00000000f3280000,0x00000000f53799a8,0x00000000f5380000)
  to   space 40448K, 0% used [0x00000000f0b00000,0x00000000f0b00000,0x00000000f3280000)
 ParOldGen       total 146944K, used 37341K [0x00000000a0000000, 0x00000000a8f80000, 0x00000000e0000000)
  object space 146944K, 25% used [0x00000000a0000000,0x00000000a2477678,0x00000000a8f80000)
 Metaspace       used 76063K, capacity 79850K, committed 79872K, reserved 1118208K
  class space    used 9824K, capacity 10494K, committed 10496K, reserved 1048576K
Event: 1302.605 GC heap after
Heap after GC invocations=26 (full 3):
 PSYoungGen      total 313856K, used 22036K [0x00000000e0000000, 0x00000000f9880000, 0x0000000100000000)
  eden space 273408K, 0% used [0x00000000e0000000,0x00000000e0000000,0x00000000f0b00000)
  from space 40448K, 54% used [0x00000000f0b00000,0x00000000f20850e0,0x00000000f3280000)
  to   space 39424K, 0% used [0x00000000f7200000,0x00000000f7200000,0x00000000f9880000)
 ParOldGen       total 146944K, used 52645K [0x00000000a0000000, 0x00000000a8f80000, 0x00000000e0000000)
  object space 146944K, 35% used [0x00000000a0000000,0x00000000a33694e0,0x00000000a8f80000)
 Metaspace       used 76063K, capacity 79850K, committed 79872K, reserved 1118208K
  class space    used 9824K, capacity 10494K, committed 10496K, reserved 1048576K
}

